<?xml version="1.0" encoding="UTF-8"?>
<testng-results skipped="0" failed="0" total="1" passed="1">
  <reporter-output>
  </reporter-output>
  <suite name="Default suite" duration-ms="129" started-at="2017-09-08T07:18:01Z" finished-at="2017-09-08T07:18:01Z">
    <groups>
    </groups>
    <test name="Default test" duration-ms="129" started-at="2017-09-08T07:18:01Z" finished-at="2017-09-08T07:18:01Z">
      <class name="corp.xoxoday.com.ImageVerify">
        <test-method status="PASS" signature="invalidImageCount()[pri:0, instance:corp.xoxoday.com.ImageVerify@366ac49b]" name="invalidImageCount" duration-ms="51" started-at="2017-09-08T12:48:01Z" finished-at="2017-09-08T12:48:01Z">
          <reporter-output>
          </reporter-output>
        </test-method> <!-- invalidImageCount -->
      </class> <!-- corp.xoxoday.com.ImageVerify -->
    </test> <!-- Default test -->
  </suite> <!-- Default suite -->
</testng-results>
