<?xml version="1.0" encoding="UTF-8"?>
<testng-results skipped="0" failed="0" total="1" passed="1">
  <reporter-output>
  </reporter-output>
  <suite name="Default suite" duration-ms="50590" started-at="2017-04-16T17:57:44Z" finished-at="2017-04-16T17:58:34Z">
    <groups>
    </groups>
    <test name="Default test" duration-ms="50590" started-at="2017-04-16T17:57:44Z" finished-at="2017-04-16T17:58:34Z">
      <class name="Corp_Excelsheet.Product_List">
        <test-method status="PASS" signature="beforeTest()[pri:0, instance:Corp_Excelsheet.Product_List@7f1a4c5e]" name="beforeTest" is-config="true" duration-ms="23124" started-at="2017-04-16T23:27:44Z" finished-at="2017-04-16T23:28:07Z">
          <reporter-output>
          </reporter-output>
        </test-method> <!-- beforeTest -->
        <test-method status="PASS" signature="Product_URL_Title()[pri:0, instance:Corp_Excelsheet.Product_List@7f1a4c5e]" name="Product_URL_Title" duration-ms="24774" started-at="2017-04-16T23:28:07Z" finished-at="2017-04-16T23:28:32Z">
          <reporter-output>
          </reporter-output>
        </test-method> <!-- Product_URL_Title -->
        <test-method status="PASS" signature="afterTest()[pri:0, instance:Corp_Excelsheet.Product_List@7f1a4c5e]" name="afterTest" is-config="true" duration-ms="2549" started-at="2017-04-16T23:28:32Z" finished-at="2017-04-16T23:28:34Z">
          <reporter-output>
          </reporter-output>
        </test-method> <!-- afterTest -->
      </class> <!-- Corp_Excelsheet.Product_List -->
    </test> <!-- Default test -->
  </suite> <!-- Default suite -->
</testng-results>
