<?xml version="1.0" encoding="UTF-8"?>
<testng-results skipped="0" failed="0" total="1" passed="1">
  <reporter-output>
  </reporter-output>
  <suite name="MyFirstMavenProject.ApplicationTest" duration-ms="44" started-at="2017-05-05T13:26:30Z" finished-at="2017-05-05T13:26:30Z">
    <groups>
    </groups>
    <test name="Command line test" duration-ms="44" started-at="2017-05-05T13:26:30Z" finished-at="2017-05-05T13:26:30Z">
      <class name="MyFirstMavenProject.ApplicationTest">
        <test-method status="PASS" signature="DemoTest()[pri:0, instance:MyFirstMavenProject.ApplicationTest@f75e354]" name="DemoTest" duration-ms="17" started-at="2017-05-05T18:56:30Z" finished-at="2017-05-05T18:56:30Z">
          <reporter-output>
          </reporter-output>
        </test-method> <!-- DemoTest -->
      </class> <!-- MyFirstMavenProject.ApplicationTest -->
    </test> <!-- Command line test -->
  </suite> <!-- MyFirstMavenProject.ApplicationTest -->
</testng-results>
