<?xml version="1.0" encoding="UTF-8"?>
<testng-results skipped="0" failed="0" total="1" passed="1">
  <reporter-output>
  </reporter-output>
  <suite name="Default suite" duration-ms="393" started-at="2017-05-30T06:13:28Z" finished-at="2017-05-30T06:13:28Z">
    <groups>
    </groups>
    <test name="Default test" duration-ms="393" started-at="2017-05-30T06:13:28Z" finished-at="2017-05-30T06:13:28Z">
      <class name="MyFirstMavenProject.ApplicationTest">
        <test-method status="PASS" signature="DemoTest()[pri:0, instance:MyFirstMavenProject.ApplicationTest@28d25987]" name="DemoTest" duration-ms="56" started-at="2017-05-30T11:43:28Z" finished-at="2017-05-30T11:43:28Z">
          <reporter-output>
          </reporter-output>
        </test-method> <!-- DemoTest -->
      </class> <!-- MyFirstMavenProject.ApplicationTest -->
    </test> <!-- Default test -->
  </suite> <!-- Default suite -->
</testng-results>
